[Sun Jun 19 21:22:10 2022 <    0.000000>] Linux version 5.19.0-rc2-next-20220617-gboucett (root@gboucett) (gcc (GCC) 11.2.0, GNU ld (GNU Binutils) 2.38) #1 SMP PREEMPT_DYNAMIC Sun Jun 19 21:13:16 CEST 2022
[Sun Jun 19 21:22:10 2022 <    0.000000>] Command line: BOOT_IMAGE=/vmlinuz-next-gboucett root=/dev/sda3 ro
[Sun Jun 19 21:22:10 2022 <    0.000000>] [Firmware Bug]: TSC doesn't count with P0 frequency!
[Sun Jun 19 21:22:10 2022 <    0.000000>] x86/fpu: Supporting XSAVE feature 0x001: 'x87 floating point registers'
[Sun Jun 19 21:22:10 2022 <    0.000000>] x86/fpu: Supporting XSAVE feature 0x002: 'SSE registers'
[Sun Jun 19 21:22:10 2022 <    0.000000>] x86/fpu: Supporting XSAVE feature 0x004: 'AVX registers'
[Sun Jun 19 21:22:10 2022 <    0.000000>] x86/fpu: xstate_offset[2]:  576, xstate_sizes[2]:  256
[Sun Jun 19 21:22:10 2022 <    0.000000>] x86/fpu: Enabled xstate features 0x7, context size is 832 bytes, using 'standard' format.
[Sun Jun 19 21:22:10 2022 <    0.000000>] signal: max sigframe size: 1776
[Sun Jun 19 21:22:10 2022 <    0.000000>] BIOS-provided physical RAM map:
[Sun Jun 19 21:22:10 2022 <    0.000000>] BIOS-e820: [mem 0x0000000000000000-0x000000000009fbff] usable
[Sun Jun 19 21:22:10 2022 <    0.000000>] BIOS-e820: [mem 0x000000000009fc00-0x000000000009ffff] reserved
[Sun Jun 19 21:22:10 2022 <    0.000000>] BIOS-e820: [mem 0x00000000000f0000-0x00000000000fffff] reserved
[Sun Jun 19 21:22:10 2022 <    0.000000>] BIOS-e820: [mem 0x0000000000100000-0x00000000dbfeffff] usable
[Sun Jun 19 21:22:10 2022 <    0.000000>] BIOS-e820: [mem 0x00000000dbff0000-0x00000000dbffffff] ACPI data
[Sun Jun 19 21:22:10 2022 <    0.000000>] BIOS-e820: [mem 0x00000000fec00000-0x00000000fec00fff] reserved
[Sun Jun 19 21:22:10 2022 <    0.000000>] BIOS-e820: [mem 0x00000000fee00000-0x00000000fee00fff] reserved
[Sun Jun 19 21:22:10 2022 <    0.000000>] BIOS-e820: [mem 0x00000000fffc0000-0x00000000ffffffff] reserved
[Sun Jun 19 21:22:10 2022 <    0.000000>] BIOS-e820: [mem 0x0000000100000000-0x0000000423ffffff] usable
[Sun Jun 19 21:22:10 2022 <    0.000000>] NX (Execute Disable) protection: active
[Sun Jun 19 21:22:10 2022 <    0.000000>] SMBIOS 2.5 present.
[Sun Jun 19 21:22:10 2022 <    0.000000>] DMI: innotek GmbH VirtualBox/VirtualBox, BIOS VirtualBox 12/01/2006
[Sun Jun 19 21:22:10 2022 <    0.000000>] Hypervisor detected: KVM
[Sun Jun 19 21:22:10 2022 <    0.000000>] kvm-clock: Using msrs 4b564d01 and 4b564d00
[Sun Jun 19 21:22:10 2022 <    0.000000>] kvm-clock: using sched offset of 7423664651 cycles
[Sun Jun 19 21:22:10 2022 <    0.000001>] clocksource: kvm-clock: mask: 0xffffffffffffffff max_cycles: 0x1cd42e4dffb, max_idle_ns: 881590591483 ns
[Sun Jun 19 21:22:10 2022 <    0.000001>] tsc: Detected 3700.004 MHz processor
[Sun Jun 19 21:22:10 2022 <    0.000298>] e820: update [mem 0x00000000-0x00000fff] usable ==> reserved
[Sun Jun 19 21:22:10 2022 <    0.000001>] e820: remove [mem 0x000a0000-0x000fffff] usable
[Sun Jun 19 21:22:10 2022 <    0.000002>] last_pfn = 0x424000 max_arch_pfn = 0x400000000
[Sun Jun 19 21:22:10 2022 <    0.000008>] Disabled
[Sun Jun 19 21:22:10 2022 <    0.000001>] x86/PAT: MTRRs disabled, skipping PAT initialization too.
[Sun Jun 19 21:22:10 2022 <    0.000001>] CPU MTRRs all blank - virtualized system.
[Sun Jun 19 21:22:10 2022 <    0.000001>] x86/PAT: Configuration [0-7]: WB  WT  UC- UC  WB  WT  UC- UC  
[Sun Jun 19 21:22:10 2022 <    0.000002>] last_pfn = 0xdbff0 max_arch_pfn = 0x400000000
[Sun Jun 19 21:22:10 2022 <    0.000015>] found SMP MP-table at [mem 0x0009fff0-0x0009ffff]
[Sun Jun 19 21:22:10 2022 <    0.001128>] ACPI: Early table checksum verification disabled
[Sun Jun 19 21:22:10 2022 <    0.000005>] ACPI: RSDP 0x00000000000E0000 000024 (v02 VBOX  )
[Sun Jun 19 21:22:10 2022 <    0.000003>] ACPI: XSDT 0x00000000DBFF0040 00004C (v01 VBOX   VBOXXSDT 00000001 ASL  00000061)
[Sun Jun 19 21:22:10 2022 <    0.000003>] ACPI: FACP 0x00000000DBFF0110 0000F4 (v04 VBOX   VBOXFACP 00000001 ASL  00000061)
[Sun Jun 19 21:22:10 2022 <    0.000003>] ACPI: DSDT 0x00000000DBFF0560 002325 (v02 VBOX   VBOXBIOS 00000002 INTL 20100528)
[Sun Jun 19 21:22:10 2022 <    0.000002>] ACPI: FACS 0x00000000DBFF0240 000040
[Sun Jun 19 21:22:10 2022 <    0.000000>] ACPI: FACS 0x00000000DBFF0240 000040
[Sun Jun 19 21:22:10 2022 <    0.000001>] ACPI: APIC 0x00000000DBFF0280 00008C (v02 VBOX   VBOXAPIC 00000001 ASL  00000061)
[Sun Jun 19 21:22:10 2022 <    0.000001>] ACPI: HPET 0x00000000DBFF0310 000038 (v01 VBOX   VBOXHPET 00000001 ASL  00000061)
[Sun Jun 19 21:22:10 2022 <    0.000001>] ACPI: MCFG 0x00000000DBFF0350 00003C (v01 VBOX   VBOXMCFG 00000001 ASL  00000061)
[Sun Jun 19 21:22:10 2022 <    0.000001>] ACPI: SSDT 0x00000000DBFF0390 0001CC (v01 VBOX   VBOXCPUT 00000002 INTL 20100528)
[Sun Jun 19 21:22:10 2022 <    0.000001>] ACPI: Reserving FACP table memory at [mem 0xdbff0110-0xdbff0203]
[Sun Jun 19 21:22:10 2022 <    0.000001>] ACPI: Reserving DSDT table memory at [mem 0xdbff0560-0xdbff2884]
[Sun Jun 19 21:22:10 2022 <    0.000000>] ACPI: Reserving FACS table memory at [mem 0xdbff0240-0xdbff027f]
[Sun Jun 19 21:22:10 2022 <    0.000000>] ACPI: Reserving FACS table memory at [mem 0xdbff0240-0xdbff027f]
[Sun Jun 19 21:22:10 2022 <    0.000001>] ACPI: Reserving APIC table memory at [mem 0xdbff0280-0xdbff030b]
[Sun Jun 19 21:22:10 2022 <    0.000000>] ACPI: Reserving HPET table memory at [mem 0xdbff0310-0xdbff0347]
[Sun Jun 19 21:22:10 2022 <    0.000000>] ACPI: Reserving MCFG table memory at [mem 0xdbff0350-0xdbff038b]
[Sun Jun 19 21:22:10 2022 <    0.000001>] ACPI: Reserving SSDT table memory at [mem 0xdbff0390-0xdbff055b]
[Sun Jun 19 21:22:10 2022 <    0.000115>] No NUMA configuration found
[Sun Jun 19 21:22:10 2022 <    0.000000>] Faking a node at [mem 0x0000000000000000-0x0000000423ffffff]
[Sun Jun 19 21:22:10 2022 <    0.000002>] NODE_DATA(0) allocated [mem 0x423ff7000-0x423ffafff]
[Sun Jun 19 21:22:10 2022 <    0.000014>] Zone ranges:
[Sun Jun 19 21:22:10 2022 <    0.000000>]   DMA      [mem 0x0000000000001000-0x0000000000ffffff]
[Sun Jun 19 21:22:10 2022 <    0.000002>]   DMA32    [mem 0x0000000001000000-0x00000000ffffffff]
[Sun Jun 19 21:22:10 2022 <    0.000000>]   Normal   [mem 0x0000000100000000-0x0000000423ffffff]
[Sun Jun 19 21:22:10 2022 <    0.000001>] Movable zone start for each node
[Sun Jun 19 21:22:10 2022 <    0.000000>] Early memory node ranges
[Sun Jun 19 21:22:10 2022 <    0.000000>]   node   0: [mem 0x0000000000001000-0x000000000009efff]
[Sun Jun 19 21:22:10 2022 <    0.000001>]   node   0: [mem 0x0000000000100000-0x00000000dbfeffff]
[Sun Jun 19 21:22:10 2022 <    0.000000>]   node   0: [mem 0x0000000100000000-0x0000000423ffffff]
[Sun Jun 19 21:22:10 2022 <    0.000001>] Initmem setup node 0 [mem 0x0000000000001000-0x0000000423ffffff]
[Sun Jun 19 21:22:10 2022 <    0.000660>] On node 0, zone DMA: 1 pages in unavailable ranges
[Sun Jun 19 21:22:10 2022 <    0.000014>] On node 0, zone DMA: 97 pages in unavailable ranges
[Sun Jun 19 21:22:10 2022 <    0.105361>] On node 0, zone Normal: 16400 pages in unavailable ranges
[Sun Jun 19 21:22:10 2022 <    0.000067>] On node 0, zone Normal: 16384 pages in unavailable ranges
[Sun Jun 19 21:22:10 2022 <    0.000218>] ACPI: PM-Timer IO Port: 0x4008
[Sun Jun 19 21:22:10 2022 <    0.000040>] IOAPIC[0]: apic_id 8, version 32, address 0xfec00000, GSI 0-23
[Sun Jun 19 21:22:10 2022 <    0.000002>] ACPI: INT_SRC_OVR (bus 0 bus_irq 0 global_irq 2 dfl dfl)
[Sun Jun 19 21:22:10 2022 <    0.000000>] ACPI: INT_SRC_OVR (bus 0 bus_irq 9 global_irq 9 low level)
[Sun Jun 19 21:22:10 2022 <    0.000002>] ACPI: Using ACPI (MADT) for SMP configuration information
[Sun Jun 19 21:22:10 2022 <    0.000001>] ACPI: HPET id: 0x8086a201 base: 0xfed00000
[Sun Jun 19 21:22:10 2022 <    0.000006>] smpboot: Allowing 8 CPUs, 0 hotplug CPUs
[Sun Jun 19 21:22:10 2022 <    0.000014>] PM: hibernation: Registered nosave memory: [mem 0x00000000-0x00000fff]
[Sun Jun 19 21:22:10 2022 <    0.000001>] PM: hibernation: Registered nosave memory: [mem 0x0009f000-0x0009ffff]
[Sun Jun 19 21:22:10 2022 <    0.000001>] PM: hibernation: Registered nosave memory: [mem 0x000a0000-0x000effff]
[Sun Jun 19 21:22:10 2022 <    0.000000>] PM: hibernation: Registered nosave memory: [mem 0x000f0000-0x000fffff]
[Sun Jun 19 21:22:10 2022 <    0.000001>] PM: hibernation: Registered nosave memory: [mem 0xdbff0000-0xdbffffff]
[Sun Jun 19 21:22:10 2022 <    0.000000>] PM: hibernation: Registered nosave memory: [mem 0xdc000000-0xfebfffff]
[Sun Jun 19 21:22:10 2022 <    0.000000>] PM: hibernation: Registered nosave memory: [mem 0xfec00000-0xfec00fff]
[Sun Jun 19 21:22:10 2022 <    0.000000>] PM: hibernation: Registered nosave memory: [mem 0xfec01000-0xfedfffff]
[Sun Jun 19 21:22:10 2022 <    0.000001>] PM: hibernation: Registered nosave memory: [mem 0xfee00000-0xfee00fff]
[Sun Jun 19 21:22:10 2022 <    0.000000>] PM: hibernation: Registered nosave memory: [mem 0xfee01000-0xfffbffff]
[Sun Jun 19 21:22:10 2022 <    0.000000>] PM: hibernation: Registered nosave memory: [mem 0xfffc0000-0xffffffff]
[Sun Jun 19 21:22:10 2022 <    0.000001>] [mem 0xdc000000-0xfebfffff] available for PCI devices
[Sun Jun 19 21:22:10 2022 <    0.000001>] Booting paravirtualized kernel on KVM
[Sun Jun 19 21:22:10 2022 <    0.000001>] clocksource: refined-jiffies: mask: 0xffffffff max_cycles: 0xffffffff, max_idle_ns: 1910969940391419 ns
[Sun Jun 19 21:22:10 2022 <    0.002672>] setup_percpu: NR_CPUS:64 nr_cpumask_bits:64 nr_cpu_ids:8 nr_node_ids:1
[Sun Jun 19 21:22:10 2022 <    0.000918>] percpu: Embedded 52 pages/cpu s176040 r8192 d28760 u262144
[Sun Jun 19 21:22:10 2022 <    0.000005>] pcpu-alloc: s176040 r8192 d28760 u262144 alloc=1*2097152
[Sun Jun 19 21:22:10 2022 <    0.000002>] pcpu-alloc: [0] 0 1 2 3 4 5 6 7 
[Sun Jun 19 21:22:10 2022 <    0.000014>] Fallback order for Node 0: 0 
[Sun Jun 19 21:22:10 2022 <    0.000002>] Built 1 zonelists, mobility grouping on.  Total pages: 4128496
[Sun Jun 19 21:22:10 2022 <    0.000001>] Policy zone: Normal
[Sun Jun 19 21:22:10 2022 <    0.000001>] Kernel command line: BOOT_IMAGE=/vmlinuz-next-gboucett root=/dev/sda3 ro
[Sun Jun 19 21:22:10 2022 <    0.000017>] Unknown kernel command line parameters "BOOT_IMAGE=/vmlinuz-next-gboucett", will be passed to user space.
[Sun Jun 19 21:22:10 2022 <    0.006194>] Dentry cache hash table entries: 2097152 (order: 12, 16777216 bytes, linear)
[Sun Jun 19 21:22:10 2022 <    0.003096>] Inode-cache hash table entries: 1048576 (order: 11, 8388608 bytes, linear)
[Sun Jun 19 21:22:10 2022 <    0.000030>] mem auto-init: stack:off, heap alloc:off, heap free:off
[Sun Jun 19 21:22:10 2022 <    0.042196>] Memory: 16384160K/16776760K available (16396K kernel code, 2658K rwdata, 5176K rodata, 1272K init, 1176K bss, 392340K reserved, 0K cma-reserved)
[Sun Jun 19 21:22:10 2022 <    0.000021>] SLUB: HWalign=64, Order=0-3, MinObjects=0, CPUs=8, Nodes=1
[Sun Jun 19 21:22:10 2022 <    0.000752>] Dynamic Preempt: voluntary
[Sun Jun 19 21:22:10 2022 <    0.000703>] rcu: Preemptible hierarchical RCU implementation.
[Sun Jun 19 21:22:10 2022 <    0.000002>] rcu: 	RCU event tracing is enabled.
[Sun Jun 19 21:22:10 2022 <    0.000000>] rcu: 	RCU restricting CPUs from NR_CPUS=64 to nr_cpu_ids=8.
[Sun Jun 19 21:22:10 2022 <    0.000001>] 	Trampoline variant of Tasks RCU enabled.
[Sun Jun 19 21:22:10 2022 <    0.000001>] rcu: RCU calculated value of scheduler-enlistment delay is 100 jiffies.
[Sun Jun 19 21:22:10 2022 <    0.000000>] rcu: Adjusting geometry for rcu_fanout_leaf=16, nr_cpu_ids=8
[Sun Jun 19 21:22:10 2022 <    0.000574>] NR_IRQS: 4352, nr_irqs: 488, preallocated irqs: 16
[Sun Jun 19 21:22:10 2022 <    0.000149>] rcu: srcu_init: Setting srcu_struct sizes based on contention.
[Sun Jun 19 21:22:10 2022 <    0.000137>] random: crng init done
[Sun Jun 19 21:22:10 2022 <    0.004105>] Console: colour VGA+ 80x25
[Sun Jun 19 21:22:10 2022 <    0.023225>] printk: console [tty0] enabled
[Sun Jun 19 21:22:10 2022 <    0.000157>] ACPI: Core revision 20220331
[Sun Jun 19 21:22:10 2022 <    0.000210>] clocksource: hpet: mask: 0xffffffff max_cycles: 0xffffffff, max_idle_ns: 133484882848 ns
[Sun Jun 19 21:22:10 2022 <    0.000343>] APIC: Switch to symmetric I/O mode setup
[Sun Jun 19 21:22:10 2022 <    0.000997>] ..TIMER: vector=0x30 apic1=0 pin1=2 apic2=-1 pin2=-1
[Sun Jun 19 21:22:10 2022 <    0.000207>] clocksource: tsc-early: mask: 0xffffffffffffffff max_cycles: 0x6aaab41c729, max_idle_ns: 881591026156 ns
[Sun Jun 19 21:22:10 2022 <    0.000315>] Calibrating delay loop (skipped) preset value.. 7400.00 BogoMIPS (lpj=3700004)
[Sun Jun 19 21:22:10 2022 <    0.000269>] pid_max: default: 32768 minimum: 301
[Sun Jun 19 21:22:10 2022 <    0.000166>] LSM: Security Framework initializing
[Sun Jun 19 21:22:10 2022 <    0.000162>] SELinux:  Initializing.
[Sun Jun 19 21:22:10 2022 <    0.000161>] Mount-cache hash table entries: 32768 (order: 6, 262144 bytes, linear)
[Sun Jun 19 21:22:10 2022 <    0.000240>] Mountpoint-cache hash table entries: 32768 (order: 6, 262144 bytes, linear)
[Sun Jun 19 21:22:10 2022 <    0.000000>] Last level iTLB entries: 4KB 512, 2MB 512, 4MB 256
[Sun Jun 19 21:22:10 2022 <    0.000000>] Last level dTLB entries: 4KB 2048, 2MB 2048, 4MB 1024, 1GB 0
[Sun Jun 19 21:22:10 2022 <    0.000000>] Spectre V1 : Mitigation: usercopy/swapgs barriers and __user pointer sanitization
[Sun Jun 19 21:22:10 2022 <    0.000000>] Spectre V2 : Mitigation: Retpolines
[Sun Jun 19 21:22:10 2022 <    0.000000>] Spectre V2 : Spectre v2 / SpectreRSB mitigation: Filling RSB on context switch
[Sun Jun 19 21:22:10 2022 <    0.000000>] Speculative Store Bypass: Vulnerable
[Sun Jun 19 21:22:10 2022 <    0.000000>] Freeing SMP alternatives memory: 44K
[Sun Jun 19 21:22:10 2022 <    0.106001>] APIC calibration not consistent with PM-Timer: 103ms instead of 100ms
[Sun Jun 19 21:22:10 2022 <    0.000274>] APIC delta adjusted to PM-Timer: 6274072 (6499916)
[Sun Jun 19 21:22:10 2022 <    0.000208>] smpboot: CPU0: AMD Ryzen 9 5900X 12-Core Processor (family: 0x19, model: 0x21, stepping: 0x2)
[Sun Jun 19 21:22:10 2022 <    0.000367>] cblist_init_generic: Setting adjustable number of callback queues.
[Sun Jun 19 21:22:10 2022 <    0.000150>] cblist_init_generic: Setting shift to 3 and lim to 1.
[Sun Jun 19 21:22:10 2022 <    0.000000>] Performance Events: PMU not available due to virtualization, using software events only.
[Sun Jun 19 21:22:10 2022 <    0.000000>] rcu: Hierarchical SRCU implementation.
[Sun Jun 19 21:22:10 2022 <    0.000000>] printk: console [tty0] printing thread started
[Sun Jun 19 21:22:10 2022 <    0.000000>] smp: Bringing up secondary CPUs ...
[Sun Jun 19 21:22:10 2022 <    0.000000>] x86: Booting SMP configuration:
[Sun Jun 19 21:22:10 2022 <    0.000000>] .... node  #0, CPUs:      #1 #2 #3 #4 #5 #6 #7
[Sun Jun 19 21:22:10 2022 <    0.009211>] smp: Brought up 1 node, 8 CPUs
[Sun Jun 19 21:22:10 2022 <    0.000004>] smpboot: Max logical packages: 1
[Sun Jun 19 21:22:10 2022 <    0.000001>] smpboot: Total of 8 processors activated (59200.06 BogoMIPS)
[Sun Jun 19 21:22:10 2022 <    0.000822>] devtmpfs: initialized
[Sun Jun 19 21:22:10 2022 <    0.000075>] clocksource: jiffies: mask: 0xffffffff max_cycles: 0xffffffff, max_idle_ns: 1911260446275000 ns
[Sun Jun 19 21:22:10 2022 <    0.000000>] futex hash table entries: 2048 (order: 5, 131072 bytes, linear)
[Sun Jun 19 21:22:10 2022 <    0.000000>] PM: RTC time: 19:22:08, date: 2022-06-19
[Sun Jun 19 21:22:10 2022 <    0.000141>] NET: Registered PF_NETLINK/PF_ROUTE protocol family
[Sun Jun 19 21:22:10 2022 <    0.000030>] audit: initializing netlink subsys (disabled)
[Sun Jun 19 21:22:10 2022 <    0.000013>] audit: type=2000 audit(1655666538.213:1): state=initialized audit_enabled=0 res=1
[Sun Jun 19 21:22:10 2022 <    0.000713>] thermal_sys: Registered thermal governor 'step_wise'
[Sun Jun 19 21:22:10 2022 <    0.000001>] thermal_sys: Registered thermal governor 'user_space'
[Sun Jun 19 21:22:10 2022 <    0.000631>] cpuidle: using governor menu
[Sun Jun 19 21:22:10 2022 <    0.000415>] PCI: MMCONFIG for domain 0000 [bus 00-3f] at [mem 0xdc000000-0xdfffffff] (base 0xdc000000)
[Sun Jun 19 21:22:10 2022 <    0.000003>] PCI: not using MMCONFIG
[Sun Jun 19 21:22:10 2022 <    0.000002>] PCI: Using configuration type 1 for base access
[Sun Jun 19 21:22:10 2022 <    0.000001>] PCI: Using configuration type 1 for extended access
[Sun Jun 19 21:22:10 2022 <    0.000843>] kprobes: kprobe jump-optimization is enabled. All kprobes are optimized if possible.
[Sun Jun 19 21:22:10 2022 <    0.000140>] HugeTLB: can optimize 7 vmemmap pages for hugepages-2048kB
[Sun Jun 19 21:22:10 2022 <    0.000000>] HugeTLB registered 2.00 MiB page size, pre-allocated 0 pages
[Sun Jun 19 21:22:10 2022 <    0.000021>] ACPI: Added _OSI(Module Device)
[Sun Jun 19 21:22:10 2022 <    0.000000>] ACPI: Added _OSI(Processor Device)
[Sun Jun 19 21:22:10 2022 <    0.000000>] ACPI: Added _OSI(3.0 _SCP Extensions)
[Sun Jun 19 21:22:10 2022 <    0.000000>] ACPI: Added _OSI(Processor Aggregator Device)
[Sun Jun 19 21:22:10 2022 <    0.000000>] ACPI: Added _OSI(Linux-Dell-Video)
[Sun Jun 19 21:22:10 2022 <    0.000000>] ACPI: Added _OSI(Linux-Lenovo-NV-HDMI-Audio)
[Sun Jun 19 21:22:10 2022 <    0.000000>] ACPI: Added _OSI(Linux-HPI-Hybrid-Graphics)
[Sun Jun 19 21:22:10 2022 <    0.001933>] ACPI: 2 ACPI AML tables successfully acquired and loaded
[Sun Jun 19 21:22:10 2022 <    0.018104>] ACPI: Interpreter enabled
[Sun Jun 19 21:22:10 2022 <    0.000008>] ACPI: PM: (supports S0 S5)
[Sun Jun 19 21:22:10 2022 <    0.000001>] ACPI: Using IOAPIC for interrupt routing
[Sun Jun 19 21:22:10 2022 <    0.000102>] PCI: MMCONFIG for domain 0000 [bus 00-3f] at [mem 0xdc000000-0xdfffffff] (base 0xdc000000)
[Sun Jun 19 21:22:10 2022 <    0.000110>] PCI: MMCONFIG at [mem 0xdc000000-0xdfffffff] reserved in ACPI motherboard resources
[Sun Jun 19 21:22:10 2022 <    0.000007>] PCI: Using host bridge windows from ACPI; if necessary, use "pci=nocrs" and report a bug
[Sun Jun 19 21:22:10 2022 <    0.000001>] PCI: Using E820 reservations for host bridge windows
[Sun Jun 19 21:22:10 2022 <    0.000057>] ACPI: Enabled 2 GPEs in block 00 to 07
[Sun Jun 19 21:22:10 2022 <    0.000610>] ACPI: PCI Root Bridge [PCI0] (domain 0000 [bus 00-ff])
[Sun Jun 19 21:22:10 2022 <    0.000000>] acpi PNP0A03:00: _OSC: OS supports [ExtendedConfig ASPM ClockPM Segments MSI HPX-Type3]
[Sun Jun 19 21:22:10 2022 <    0.000000>] acpi PNP0A03:00: _OSC: platform does not support [PCIeCapability LTR]
[Sun Jun 19 21:22:10 2022 <    0.000000>] acpi PNP0A03:00: _OSC: not requesting control; platform does not support [PCIeCapability]
[Sun Jun 19 21:22:10 2022 <    0.000000>] acpi PNP0A03:00: _OSC: OS requested [PME PCIeCapability LTR]
[Sun Jun 19 21:22:10 2022 <    0.000000>] acpi PNP0A03:00: _OSC: platform willing to grant [PME]
[Sun Jun 19 21:22:10 2022 <    0.000000>] acpi PNP0A03:00: _OSC: platform retains control of PCIe features (AE_SUPPORT)
[Sun Jun 19 21:22:10 2022 <    0.000000>] acpi PNP0A03:00: [Firmware Info]: MMCONFIG for domain 0000 [bus 00-3f] only partially covers this bridge
[Sun Jun 19 21:22:10 2022 <    0.000000>] PCI host bridge to bus 0000:00
[Sun Jun 19 21:22:10 2022 <    0.000000>] pci_bus 0000:00: root bus resource [io  0x0000-0x0cf7 window]
[Sun Jun 19 21:22:10 2022 <    0.000000>] pci_bus 0000:00: root bus resource [io  0x0d00-0xffff window]
[Sun Jun 19 21:22:10 2022 <    0.000000>] pci_bus 0000:00: root bus resource [mem 0x000a0000-0x000bffff window]
[Sun Jun 19 21:22:10 2022 <    0.000000>] pci_bus 0000:00: root bus resource [mem 0xdc000000-0xfdffffff window]
[Sun Jun 19 21:22:10 2022 <    0.000000>] pci_bus 0000:00: root bus resource [mem 0x424000000-0xfffffffff pref window]
[Sun Jun 19 21:22:10 2022 <    0.000000>] pci_bus 0000:00: root bus resource [bus 00-ff]
[Sun Jun 19 21:22:10 2022 <    0.000000>] pci 0000:00:02.0: [15ad:0405] type 00 class 0x030000
[Sun Jun 19 21:22:10 2022 <    0.000885>] pci 0000:00:02.0: reg 0x10: [io  0xd000-0xd00f]
[Sun Jun 19 21:22:10 2022 <    0.001183>] pci 0000:00:02.0: reg 0x14: [mem 0xe0000000-0xe7ffffff pref]
[Sun Jun 19 21:22:10 2022 <    0.000932>] pci 0000:00:02.0: reg 0x18: [mem 0xe8000000-0xe81fffff]
[Sun Jun 19 21:22:10 2022 <    0.003744>] pci 0000:00:02.0: Video device with shadowed ROM at [mem 0x000c0000-0x000dffff]
[Sun Jun 19 21:22:10 2022 <    0.000224>] pci 0000:00:03.0: [8086:100e] type 00 class 0x020000
[Sun Jun 19 21:22:10 2022 <    0.000138>] pci 0000:00:03.0: reg 0x10: [mem 0xe8200000-0xe821ffff]
[Sun Jun 19 21:22:10 2022 <    0.000991>] pci 0000:00:03.0: reg 0x18: [io  0xd010-0xd017]
[Sun Jun 19 21:22:10 2022 <    0.004051>] pci 0000:00:04.0: [80ee:cafe] type 00 class 0x088000
[Sun Jun 19 21:22:10 2022 <    0.000878>] pci 0000:00:04.0: reg 0x10: [io  0xd020-0xd03f]
[Sun Jun 19 21:22:10 2022 <    0.001021>] pci 0000:00:04.0: reg 0x14: [mem 0xe8400000-0xe87fffff]
[Sun Jun 19 21:22:10 2022 <    0.000964>] pci 0000:00:04.0: reg 0x18: [mem 0xe8800000-0xe8803fff pref]
[Sun Jun 19 21:22:10 2022 <    0.002989>] pci 0000:00:05.0: [8086:2415] type 00 class 0x040100
[Sun Jun 19 21:22:10 2022 <    0.000000>] pci 0000:00:05.0: reg 0x10: [io  0xd100-0xd1ff]
[Sun Jun 19 21:22:10 2022 <    0.000000>] pci 0000:00:05.0: reg 0x14: [io  0xd200-0xd23f]
[Sun Jun 19 21:22:10 2022 <    0.000398>] pci 0000:00:07.0: [8086:7113] type 00 class 0x068000
[Sun Jun 19 21:22:10 2022 <    0.000338>] pci 0000:00:07.0: quirk: [io  0x4000-0x403f] claimed by PIIX4 ACPI
[Sun Jun 19 21:22:10 2022 <    0.000008>] pci 0000:00:07.0: quirk: [io  0x4100-0x410f] claimed by PIIX4 SMB
[Sun Jun 19 21:22:10 2022 <    0.000219>] pci 0000:00:1f.0: [8086:27b9] type 00 class 0x060100
[Sun Jun 19 21:22:10 2022 <    0.000037>] pci 0000:00:1f.0: quirk: [io  0x8000-0x807f] claimed by ICH6 ACPI/GPIO/TCO
[Sun Jun 19 21:22:10 2022 <    0.000000>] pci 0000:00:1f.1: [8086:7111] type 00 class 0x01018a
[Sun Jun 19 21:22:10 2022 <    0.000000>] pci 0000:00:1f.1: reg 0x20: [io  0xd240-0xd24f]
[Sun Jun 19 21:22:10 2022 <    0.000000>] pci 0000:00:1f.1: legacy IDE quirk: reg 0x10: [io  0x01f0-0x01f7]
[Sun Jun 19 21:22:10 2022 <    0.000000>] pci 0000:00:1f.1: legacy IDE quirk: reg 0x14: [io  0x03f6]
[Sun Jun 19 21:22:10 2022 <    0.000000>] pci 0000:00:1f.1: legacy IDE quirk: reg 0x18: [io  0x0170-0x0177]
[Sun Jun 19 21:22:10 2022 <    0.000000>] pci 0000:00:1f.1: legacy IDE quirk: reg 0x1c: [io  0x0376]
[Sun Jun 19 21:22:10 2022 <    0.000000>] pci 0000:00:1f.2: [8086:2829] type 00 class 0x010601
[Sun Jun 19 21:22:10 2022 <    0.000167>] pci 0000:00:1f.2: reg 0x10: [io  0xd250-0xd257]
[Sun Jun 19 21:22:10 2022 <    0.000934>] pci 0000:00:1f.2: reg 0x14: [io  0xd258-0xd25b]
[Sun Jun 19 21:22:10 2022 <    0.000899>] pci 0000:00:1f.2: reg 0x18: [io  0xd260-0xd267]
[Sun Jun 19 21:22:10 2022 <    0.000118>] pci 0000:00:1f.2: reg 0x1c: [io  0xd268-0xd26b]
[Sun Jun 19 21:22:10 2022 <    0.000882>] pci 0000:00:1f.2: reg 0x20: [io  0xd270-0xd27f]
[Sun Jun 19 21:22:10 2022 <    0.000075>] pci 0000:00:1f.2: reg 0x24: [mem 0xe8804000-0xe8805fff]
[Sun Jun 19 21:22:10 2022 <    0.001577>] pci 0000:00:1f.4: [106b:003f] type 00 class 0x0c0310
[Sun Jun 19 21:22:10 2022 <    0.000348>] pci 0000:00:1f.4: reg 0x10: [mem 0xe8806000-0xe8806fff]
[Sun Jun 19 21:22:10 2022 <    0.003471>] pci 0000:00:1f.5: [8086:265c] type 00 class 0x0c0320
[Sun Jun 19 21:22:10 2022 <    0.000576>] pci 0000:00:1f.5: reg 0x10: [mem 0xe8807000-0xe8807fff]
[Sun Jun 19 21:22:10 2022 <    0.004895>] ACPI: PCI: Interrupt link LNKA configured for IRQ 11
[Sun Jun 19 21:22:10 2022 <    0.000058>] ACPI: PCI: Interrupt link LNKB configured for IRQ 9
[Sun Jun 19 21:22:10 2022 <    0.000000>] ACPI: PCI: Interrupt link LNKC configured for IRQ 11
[Sun Jun 19 21:22:10 2022 <    0.000000>] ACPI: PCI: Interrupt link LNKD configured for IRQ 9
[Sun Jun 19 21:22:10 2022 <    0.000000>] iommu: Default domain type: Translated 
[Sun Jun 19 21:22:10 2022 <    0.000000>] iommu: DMA domain TLB invalidation policy: lazy mode 
[Sun Jun 19 21:22:10 2022 <    0.000000>] SCSI subsystem initialized
[Sun Jun 19 21:22:10 2022 <    0.000000>] libata version 3.00 loaded.
[Sun Jun 19 21:22:10 2022 <    0.000000>] ACPI: bus type USB registered
[Sun Jun 19 21:22:10 2022 <    0.000000>] usbcore: registered new interface driver usbfs
[Sun Jun 19 21:22:10 2022 <    0.000000>] usbcore: registered new interface driver hub
[Sun Jun 19 21:22:10 2022 <    0.000000>] usbcore: registered new device driver usb
[Sun Jun 19 21:22:10 2022 <    0.000000>] pps_core: LinuxPPS API ver. 1 registered
[Sun Jun 19 21:22:10 2022 <    0.000000>] pps_core: Software ver. 5.3.6 - Copyright 2005-2007 Rodolfo Giometti <giometti@linux.it>
[Sun Jun 19 21:22:10 2022 <    0.000000>] PTP clock support registered
[Sun Jun 19 21:22:10 2022 <    0.000000>] Advanced Linux Sound Architecture Driver Initialized.
[Sun Jun 19 21:22:10 2022 <    0.000000>] NetLabel: Initializing
[Sun Jun 19 21:22:10 2022 <    0.000000>] NetLabel:  domain hash size = 128
[Sun Jun 19 21:22:10 2022 <    0.000000>] NetLabel:  protocols = UNLABELED CIPSOv4 CALIPSO
[Sun Jun 19 21:22:10 2022 <    0.000000>] NetLabel:  unlabeled traffic allowed by default
[Sun Jun 19 21:22:10 2022 <    0.000051>] PCI: Using ACPI for IRQ routing
[Sun Jun 19 21:22:10 2022 <    0.001949>] PCI: pci_cache_line_size set to 64 bytes
[Sun Jun 19 21:22:10 2022 <    0.000000>] e820: reserve RAM buffer [mem 0x0009fc00-0x0009ffff]
[Sun Jun 19 21:22:10 2022 <    0.000000>] e820: reserve RAM buffer [mem 0xdbff0000-0xdbffffff]
[Sun Jun 19 21:22:10 2022 <    0.000000>] pci 0000:00:02.0: vgaarb: setting as boot VGA device
[Sun Jun 19 21:22:10 2022 <    0.000000>] pci 0000:00:02.0: vgaarb: bridge control possible
[Sun Jun 19 21:22:10 2022 <    0.000000>] pci 0000:00:02.0: vgaarb: VGA device added: decodes=io+mem,owns=io+mem,locks=none
[Sun Jun 19 21:22:10 2022 <    0.000000>] vgaarb: loaded
[Sun Jun 19 21:22:10 2022 <    0.000000>] hpet0: at MMIO 0xfed00000, IRQs 2, 8, 0, 0
[Sun Jun 19 21:22:10 2022 <    0.000000>] hpet0: 4 comparators, 64-bit 14.318180 MHz counter
[Sun Jun 19 21:22:10 2022 <    0.001292>] clocksource: Switched to clocksource kvm-clock
[Sun Jun 19 21:22:10 2022 <    0.000334>] VFS: Disk quotas dquot_6.6.0
[Sun Jun 19 21:22:10 2022 <    0.000014>] VFS: Dquot-cache hash table entries: 512 (order 0, 4096 bytes)
[Sun Jun 19 21:22:10 2022 <    0.000109>] pnp: PnP ACPI init
[Sun Jun 19 21:22:10 2022 <    0.000280>] system 00:03: [mem 0xfed00000-0xfed003ff] has been reserved
[Sun Jun 19 21:22:10 2022 <    0.000102>] system 00:04: [mem 0xdc000000-0xdfffffff] has been reserved
[Sun Jun 19 21:22:10 2022 <    0.000328>] pnp: PnP ACPI: found 5 devices
[Sun Jun 19 21:22:10 2022 <    0.019517>] clocksource: acpi_pm: mask: 0xffffff max_cycles: 0xffffff, max_idle_ns: 2085701024 ns
[Sun Jun 19 21:22:10 2022 <    0.000026>] NET: Registered PF_INET protocol family
[Sun Jun 19 21:22:10 2022 <    0.001104>] IP idents hash table entries: 262144 (order: 9, 2097152 bytes, linear)
[Sun Jun 19 21:22:10 2022 <    0.000910>] tcp_listen_portaddr_hash hash table entries: 8192 (order: 5, 131072 bytes, linear)
[Sun Jun 19 21:22:10 2022 <    0.000000>] Table-perturb hash table entries: 65536 (order: 6, 262144 bytes, linear)
[Sun Jun 19 21:22:10 2022 <    0.000000>] TCP established hash table entries: 131072 (order: 8, 1048576 bytes, linear)
[Sun Jun 19 21:22:10 2022 <    0.001732>] TCP bind hash table entries: 65536 (order: 8, 1048576 bytes, linear)
[Sun Jun 19 21:22:10 2022 <    0.000846>] TCP: Hash tables configured (established 131072 bind 65536)
[Sun Jun 19 21:22:10 2022 <    0.000042>] UDP hash table entries: 8192 (order: 6, 262144 bytes, linear)
[Sun Jun 19 21:22:10 2022 <    0.000018>] UDP-Lite hash table entries: 8192 (order: 6, 262144 bytes, linear)
[Sun Jun 19 21:22:10 2022 <    0.000048>] NET: Registered PF_UNIX/PF_LOCAL protocol family
[Sun Jun 19 21:22:10 2022 <    0.000453>] RPC: Registered named UNIX socket transport module.
[Sun Jun 19 21:22:10 2022 <    0.000001>] RPC: Registered udp transport module.
[Sun Jun 19 21:22:10 2022 <    0.000000>] RPC: Registered tcp transport module.
[Sun Jun 19 21:22:10 2022 <    0.000001>] RPC: Registered tcp NFSv4.1 backchannel transport module.
[Sun Jun 19 21:22:10 2022 <    0.000251>] pci_bus 0000:00: resource 4 [io  0x0000-0x0cf7 window]
[Sun Jun 19 21:22:10 2022 <    0.000003>] pci_bus 0000:00: resource 5 [io  0x0d00-0xffff window]
[Sun Jun 19 21:22:10 2022 <    0.000000>] pci_bus 0000:00: resource 6 [mem 0x000a0000-0x000bffff window]
[Sun Jun 19 21:22:10 2022 <    0.000001>] pci_bus 0000:00: resource 7 [mem 0xdc000000-0xfdffffff window]
[Sun Jun 19 21:22:10 2022 <    0.000001>] pci_bus 0000:00: resource 8 [mem 0x424000000-0xfffffffff pref window]
[Sun Jun 19 21:22:10 2022 <    0.000952>] PCI: CLS 0 bytes, default 64
[Sun Jun 19 21:22:10 2022 <    0.000006>] PCI-DMA: Using software bounce buffering for IO (SWIOTLB)
[Sun Jun 19 21:22:10 2022 <    0.000000>] software IO TLB: mapped [mem 0x00000000d7ff0000-0x00000000dbff0000] (64MB)
[Sun Jun 19 21:22:10 2022 <    0.000000>] clocksource: tsc: mask: 0xffffffffffffffff max_cycles: 0x6aaab41c729, max_idle_ns: 881591026156 ns
[Sun Jun 19 21:22:10 2022 <    0.001043>] clocksource: Switched to clocksource tsc
[Sun Jun 19 21:22:10 2022 <    0.005774>] Initialise system trusted keyrings
[Sun Jun 19 21:22:10 2022 <    0.000184>] workingset: timestamp_bits=56 max_order=22 bucket_order=0
[Sun Jun 19 21:22:10 2022 <    0.000668>] NFS: Registering the id_resolver key type
[Sun Jun 19 21:22:10 2022 <    0.000004>] Key type id_resolver registered
[Sun Jun 19 21:22:10 2022 <    0.000001>] Key type id_legacy registered
[Sun Jun 19 21:22:10 2022 <    0.000078>] 9p: Installing v9fs 9p2000 file system support
[Sun Jun 19 21:22:10 2022 <    0.004070>] Key type asymmetric registered
[Sun Jun 19 21:22:10 2022 <    0.000001>] Asymmetric key parser 'x509' registered
[Sun Jun 19 21:22:10 2022 <    0.000011>] Block layer SCSI generic (bsg) driver version 0.4 loaded (major 251)
[Sun Jun 19 21:22:10 2022 <    0.000005>] io scheduler mq-deadline registered
[Sun Jun 19 21:22:10 2022 <    0.000001>] io scheduler kyber registered
[Sun Jun 19 21:22:10 2022 <    0.001332>] ACPI: AC: AC Adapter [AC] (on-line)
[Sun Jun 19 21:22:10 2022 <    0.000022>] input: Power Button as /devices/LNXSYSTM:00/LNXPWRBN:00/input/input0
[Sun Jun 19 21:22:10 2022 <    0.000016>] ACPI: button: Power Button [PWRF]
[Sun Jun 19 21:22:10 2022 <    0.000033>] input: Sleep Button as /devices/LNXSYSTM:00/LNXSLPBN:00/input/input1
[Sun Jun 19 21:22:10 2022 <    0.000006>] ACPI: button: Sleep Button [SLPF]
[Sun Jun 19 21:22:10 2022 <    0.000040>] ACPI: video: Video Device [GFX0] (multi-head: yes  rom: no  post: no)
[Sun Jun 19 21:22:10 2022 <    0.000023>] input: Video Bus as /devices/LNXSYSTM:00/LNXSYBUS:00/PNP0A03:00/LNXVIDEO:00/input/input2
[Sun Jun 19 21:22:10 2022 <    0.000506>] Serial: 8250/16550 driver, 4 ports, IRQ sharing enabled
[Sun Jun 19 21:22:10 2022 <    0.000330>] ACPI: battery: Slot [BAT0] (battery present)
[Sun Jun 19 21:22:10 2022 <    0.000292>] Non-volatile memory driver v1.3
[Sun Jun 19 21:22:10 2022 <    0.000001>] Linux agpgart interface v0.103
[Sun Jun 19 21:22:10 2022 <    0.000039>] ACPI: bus type drm_connector registered
[Sun Jun 19 21:22:10 2022 <    0.003768>] loop: module loaded
[Sun Jun 19 21:22:10 2022 <    0.000054>] ahci 0000:00:1f.2: version 3.0
[Sun Jun 19 21:22:10 2022 <    0.000453>] ahci 0000:00:1f.2: SSS flag set, parallel bus scan disabled
[Sun Jun 19 21:22:10 2022 <    0.000206>] ahci 0000:00:1f.2: AHCI 0001.0100 32 slots 3 ports 3 Gbps 0x7 impl SATA mode
[Sun Jun 19 21:22:10 2022 <    0.000002>] ahci 0000:00:1f.2: flags: 64bit ncq stag only ccc 
[Sun Jun 19 21:22:10 2022 <    0.001741>] scsi host0: ahci
[Sun Jun 19 21:22:10 2022 <    0.000405>] scsi host1: ahci
[Sun Jun 19 21:22:10 2022 <    0.001008>] scsi host2: ahci
[Sun Jun 19 21:22:10 2022 <    0.000025>] ata1: SATA max UDMA/133 abar m8192@0xe8804000 port 0xe8804100 irq 24
[Sun Jun 19 21:22:10 2022 <    0.000005>] ata2: SATA max UDMA/133 abar m8192@0xe8804000 port 0xe8804180 irq 24
[Sun Jun 19 21:22:10 2022 <    0.000009>] ata3: SATA max UDMA/133 abar m8192@0xe8804000 port 0xe8804200 irq 24
[Sun Jun 19 21:22:10 2022 <    0.000036>] ata_piix 0000:00:1f.1: version 2.13
[Sun Jun 19 21:22:10 2022 <    0.001380>] scsi host3: ata_piix
[Sun Jun 19 21:22:10 2022 <    0.000449>] scsi host4: ata_piix
[Sun Jun 19 21:22:10 2022 <    0.000017>] ata4: PATA max UDMA/33 cmd 0x1f0 ctl 0x3f6 bmdma 0xd240 irq 14
[Sun Jun 19 21:22:10 2022 <    0.000001>] ata5: PATA max UDMA/33 cmd 0x170 ctl 0x376 bmdma 0xd248 irq 15
[Sun Jun 19 21:22:10 2022 <    0.000093>] e100: Intel(R) PRO/100 Network Driver
[Sun Jun 19 21:22:10 2022 <    0.000000>] e100: Copyright(c) 1999-2006 Intel Corporation
[Sun Jun 19 21:22:10 2022 <    0.000003>] e1000: Intel(R) PRO/1000 Network Driver
[Sun Jun 19 21:22:10 2022 <    0.000000>] e1000: Copyright (c) 1999-2006 Intel Corporation.
[Sun Jun 19 21:22:10 2022 <    0.212160>] ata5.00: ATAPI: VBOX CD-ROM, 1.0, max UDMA/133
[Sun Jun 19 21:22:10 2022 <    0.106041>] e1000 0000:00:03.0 eth0: (PCI:33MHz:32-bit) 08:00:27:40:2b:9a
[Sun Jun 19 21:22:10 2022 <    0.000006>] e1000 0000:00:03.0 eth0: Intel(R) PRO/1000 Network Connection
[Sun Jun 19 21:22:10 2022 <    0.000020>] e1000e: Intel(R) PRO/1000 Network Driver
[Sun Jun 19 21:22:10 2022 <    0.000000>] e1000e: Copyright(c) 1999 - 2015 Intel Corporation.
[Sun Jun 19 21:22:10 2022 <    0.000008>] sky2: driver version 1.30
[Sun Jun 19 21:22:10 2022 <    0.000127>] ehci_hcd: USB 2.0 'Enhanced' Host Controller (EHCI) Driver
[Sun Jun 19 21:22:10 2022 <    0.000001>] ehci-pci: EHCI PCI platform driver
[Sun Jun 19 21:22:10 2022 <    0.000322>] ehci-pci 0000:00:1f.5: EHCI Host Controller
[Sun Jun 19 21:22:10 2022 <    0.000078>] ehci-pci 0000:00:1f.5: new USB bus registered, assigned bus number 1
[Sun Jun 19 21:22:10 2022 <    0.000241>] ehci-pci 0000:00:1f.5: irq 25, io mem 0xe8807000
[Sun Jun 19 21:22:10 2022 <    0.001019>] ata1: SATA link down (SStatus 0 SControl 300)
[Sun Jun 19 21:22:10 2022 <    0.005791>] ehci-pci 0000:00:1f.5: USB 2.0 started, EHCI 1.00
[Sun Jun 19 21:22:10 2022 <    0.000025>] usb usb1: New USB device found, idVendor=1d6b, idProduct=0002, bcdDevice= 5.19
[Sun Jun 19 21:22:10 2022 <    0.000001>] usb usb1: New USB device strings: Mfr=3, Product=2, SerialNumber=1
[Sun Jun 19 21:22:10 2022 <    0.000001>] usb usb1: Product: EHCI Host Controller
[Sun Jun 19 21:22:10 2022 <    0.000001>] usb usb1: Manufacturer: Linux 5.19.0-rc2-next-20220617-gboucett ehci_hcd
[Sun Jun 19 21:22:10 2022 <    0.000001>] usb usb1: SerialNumber: 0000:00:1f.5
[Sun Jun 19 21:22:10 2022 <    0.000128>] hub 1-0:1.0: USB hub found
[Sun Jun 19 21:22:10 2022 <    0.000003>] hub 1-0:1.0: 12 ports detected
[Sun Jun 19 21:22:10 2022 <    0.000115>] ohci_hcd: USB 1.1 'Open' Host Controller (OHCI) Driver
[Sun Jun 19 21:22:10 2022 <    0.000003>] ohci-pci: OHCI PCI platform driver
[Sun Jun 19 21:22:10 2022 <    0.000343>] ohci-pci 0000:00:1f.4: OHCI PCI host controller
[Sun Jun 19 21:22:10 2022 <    0.000061>] ohci-pci 0000:00:1f.4: new USB bus registered, assigned bus number 2
[Sun Jun 19 21:22:10 2022 <    0.000087>] ohci-pci 0000:00:1f.4: irq 26, io mem 0xe8806000
[Sun Jun 19 21:22:10 2022 <    0.051924>] usb usb2: New USB device found, idVendor=1d6b, idProduct=0001, bcdDevice= 5.19
[Sun Jun 19 21:22:10 2022 <    0.000003>] usb usb2: New USB device strings: Mfr=3, Product=2, SerialNumber=1
[Sun Jun 19 21:22:10 2022 <    0.000001>] usb usb2: Product: OHCI PCI host controller
[Sun Jun 19 21:22:10 2022 <    0.000001>] usb usb2: Manufacturer: Linux 5.19.0-rc2-next-20220617-gboucett ohci_hcd
[Sun Jun 19 21:22:10 2022 <    0.000001>] usb usb2: SerialNumber: 0000:00:1f.4
[Sun Jun 19 21:22:10 2022 <    0.000174>] hub 2-0:1.0: USB hub found
[Sun Jun 19 21:22:10 2022 <    0.000010>] hub 2-0:1.0: 12 ports detected
[Sun Jun 19 21:22:10 2022 <    0.000387>] uhci_hcd: USB Universal Host Controller Interface driver
[Sun Jun 19 21:22:10 2022 <    0.000021>] usbcore: registered new interface driver usblp
[Sun Jun 19 21:22:10 2022 <    0.000005>] usbcore: registered new interface driver usb-storage
[Sun Jun 19 21:22:10 2022 <    0.000013>] i8042: PNP: PS/2 Controller [PNP0303:PS2K,PNP0f03:PS2M] at 0x60,0x64 irq 1,12
[Sun Jun 19 21:22:10 2022 <    0.000697>] serio: i8042 KBD port at 0x60,0x64 irq 1
[Sun Jun 19 21:22:10 2022 <    0.000003>] serio: i8042 AUX port at 0x60,0x64 irq 12
[Sun Jun 19 21:22:10 2022 <    0.000916>] input: AT Translated Set 2 keyboard as /devices/platform/i8042/serio0/input/input3
[Sun Jun 19 21:22:10 2022 <    0.000237>] rtc_cmos 00:02: registered as rtc0
[Sun Jun 19 21:22:10 2022 <    0.000008>] rtc_cmos 00:02: alarms up to one day, 114 bytes nvram, hpet irqs
[Sun Jun 19 21:22:10 2022 <    0.000014>] fail to initialize ptp_kvm
[Sun Jun 19 21:22:10 2022 <    0.000136>] device-mapper: ioctl: 4.46.0-ioctl (2022-02-22) initialised: dm-devel@redhat.com
[Sun Jun 19 21:22:10 2022 <    0.000014>] hid: raw HID events driver (C) Jiri Kosina
[Sun Jun 19 21:22:10 2022 <    0.000167>] usbcore: registered new interface driver usbhid
[Sun Jun 19 21:22:10 2022 <    0.000001>] usbhid: USB HID core driver
[Sun Jun 19 21:22:10 2022 <    0.002431>] Initializing XFRM netlink socket
[Sun Jun 19 21:22:10 2022 <    0.000320>] NET: Registered PF_INET6 protocol family
[Sun Jun 19 21:22:10 2022 <    0.001410>] Segment Routing with IPv6
[Sun Jun 19 21:22:10 2022 <    0.000004>] In-situ OAM (IOAM) with IPv6
[Sun Jun 19 21:22:10 2022 <    0.000016>] sit: IPv6, IPv4 and MPLS over IPv4 tunneling driver
[Sun Jun 19 21:22:10 2022 <    0.000131>] NET: Registered PF_PACKET protocol family
[Sun Jun 19 21:22:10 2022 <    0.000031>] 9pnet: Installing 9P2000 support
[Sun Jun 19 21:22:10 2022 <    0.000010>] Key type dns_resolver registered
[Sun Jun 19 21:22:10 2022 <    0.001682>] IPI shorthand broadcast: enabled
[Sun Jun 19 21:22:10 2022 <    0.000011>] sched_clock: Marking stable (784221858, 27581490)->(1019002630, -207199282)
[Sun Jun 19 21:22:10 2022 <    0.000481>] registered taskstats version 1
[Sun Jun 19 21:22:10 2022 <    0.000001>] Loading compiled-in X.509 certificates
[Sun Jun 19 21:22:10 2022 <    0.000361>] cryptomgr_test (93) used greatest stack depth: 15528 bytes left
[Sun Jun 19 21:22:10 2022 <    0.008053>] PM:   Magic number: 10:267:395
[Sun Jun 19 21:22:10 2022 <    0.000050>] pci 0000:00:07.0: hash matches
[Sun Jun 19 21:22:10 2022 <    0.000495>] printk: console [netcon0] enabled
[Sun Jun 19 21:22:10 2022 <    0.000001>] netconsole: network logging started
[Sun Jun 19 21:22:10 2022 <    0.000008>] printk: console [netcon0] printing thread started
[Sun Jun 19 21:22:10 2022 <    0.000179>] cfg80211: Loading compiled-in X.509 certificates for regulatory database
[Sun Jun 19 21:22:10 2022 <    0.000212>] kworker/u16:0 (116) used greatest stack depth: 14184 bytes left
[Sun Jun 19 21:22:10 2022 <    0.000893>] cfg80211: Loaded X.509 cert 'sforshee: 00b28ddf47aef9cea7'
[Sun Jun 19 21:22:10 2022 <    0.000008>] ALSA device list:
[Sun Jun 19 21:22:10 2022 <    0.000001>]   No soundcards found.
[Sun Jun 19 21:22:10 2022 <    0.000755>] platform regulatory.0: Direct firmware load for regulatory.db failed with error -2
[Sun Jun 19 21:22:10 2022 <    0.000002>] cfg80211: failed to load regulatory.db
[Sun Jun 19 21:22:11 2022 <    0.197106>] input: ImExPS/2 Generic Explorer Mouse as /devices/platform/i8042/serio1/input/input5
[Sun Jun 19 21:22:11 2022 <    0.038734>] ata2: SATA link up 3.0 Gbps (SStatus 123 SControl 300)
[Sun Jun 19 21:22:11 2022 <    0.000105>] ata2.00: ATA-6: VBOX HARDDISK, 1.0, max UDMA/133
[Sun Jun 19 21:22:11 2022 <    0.000003>] ata2.00: 134217728 sectors, multi 128: LBA48 NCQ (depth 32)
[Sun Jun 19 21:22:11 2022 <    0.000120>] ata2.00: configured for UDMA/133
[Sun Jun 19 21:22:11 2022 <    0.000199>] scsi 1:0:0:0: Direct-Access     ATA      VBOX HARDDISK    1.0  PQ: 0 ANSI: 5
[Sun Jun 19 21:22:11 2022 <    0.001838>] sd 1:0:0:0: Attached scsi generic sg0 type 0
[Sun Jun 19 21:22:11 2022 <    0.000034>] sd 1:0:0:0: [sda] 134217728 512-byte logical blocks: (68.7 GB/64.0 GiB)
[Sun Jun 19 21:22:11 2022 <    0.000087>] sd 1:0:0:0: [sda] Write Protect is off
[Sun Jun 19 21:22:11 2022 <    0.000002>] sd 1:0:0:0: [sda] Mode Sense: 00 3a 00 00
[Sun Jun 19 21:22:11 2022 <    0.000114>] sd 1:0:0:0: [sda] Write cache: enabled, read cache: enabled, doesn't support DPO or FUA
[Sun Jun 19 21:22:11 2022 <    0.000511>] sd 1:0:0:0: [sda] Preferred minimum I/O size 512 bytes
[Sun Jun 19 21:22:11 2022 <    0.000875>]  sda: sda1 sda2 sda3
[Sun Jun 19 21:22:11 2022 <    0.000185>] sd 1:0:0:0: [sda] Attached SCSI disk
[Sun Jun 19 21:22:11 2022 <    0.037698>] usb 2-1: new full-speed USB device number 2 using ohci-pci
[Sun Jun 19 21:22:11 2022 <    0.273632>] usb 2-1: New USB device found, idVendor=80ee, idProduct=0021, bcdDevice= 1.00
[Sun Jun 19 21:22:11 2022 <    0.000004>] usb 2-1: New USB device strings: Mfr=1, Product=3, SerialNumber=0
[Sun Jun 19 21:22:11 2022 <    0.000001>] usb 2-1: Product: USB Tablet
[Sun Jun 19 21:22:11 2022 <    0.000001>] usb 2-1: Manufacturer: VirtualBox
[Sun Jun 19 21:22:11 2022 <    0.012709>] ata3: SATA link up 3.0 Gbps (SStatus 123 SControl 300)
[Sun Jun 19 21:22:11 2022 <    0.000090>] ata3.00: ATA-6: VBOX HARDDISK, 1.0, max UDMA/133
[Sun Jun 19 21:22:11 2022 <    0.000002>] ata3.00: 52256320 sectors, multi 128: LBA48 NCQ (depth 32)
[Sun Jun 19 21:22:11 2022 <    0.000122>] ata3.00: configured for UDMA/133
[Sun Jun 19 21:22:11 2022 <    0.000178>] scsi 2:0:0:0: Direct-Access     ATA      VBOX HARDDISK    1.0  PQ: 0 ANSI: 5
[Sun Jun 19 21:22:11 2022 <    0.000631>] sd 2:0:0:0: Attached scsi generic sg1 type 0
[Sun Jun 19 21:22:11 2022 <    0.000091>] sd 2:0:0:0: [sdb] 52256320 512-byte logical blocks: (26.8 GB/24.9 GiB)
[Sun Jun 19 21:22:11 2022 <    0.000225>] sd 2:0:0:0: [sdb] Write Protect is off
[Sun Jun 19 21:22:11 2022 <    0.000003>] sd 2:0:0:0: [sdb] Mode Sense: 00 3a 00 00
[Sun Jun 19 21:22:11 2022 <    0.000179>] sd 2:0:0:0: [sdb] Write cache: enabled, read cache: enabled, doesn't support DPO or FUA
[Sun Jun 19 21:22:11 2022 <    0.000311>] sd 2:0:0:0: [sdb] Preferred minimum I/O size 512 bytes
[Sun Jun 19 21:22:11 2022 <    0.000250>] scsi 4:0:0:0: CD-ROM            VBOX     CD-ROM           1.0  PQ: 0 ANSI: 5
[Sun Jun 19 21:22:11 2022 <    0.000401>] sr 4:0:0:0: [sr0] scsi3-mmc drive: 32x/32x xa/form2 tray
[Sun Jun 19 21:22:11 2022 <    0.000002>] cdrom: Uniform CD-ROM driver Revision: 3.20
[Sun Jun 19 21:22:11 2022 <    0.000167>]  sdb: sdb1
[Sun Jun 19 21:22:11 2022 <    0.000211>] sd 2:0:0:0: [sdb] Attached SCSI disk
[Sun Jun 19 21:22:11 2022 <    0.001492>] sr 4:0:0:0: Attached scsi CD-ROM sr0
[Sun Jun 19 21:22:11 2022 <    0.000274>] sr 4:0:0:0: Attached scsi generic sg2 type 5
[Sun Jun 19 21:22:11 2022 <    0.000326>] md: Waiting for all devices to be available before autodetect
[Sun Jun 19 21:22:11 2022 <    0.000001>] md: If you don't use raid, use raid=noautodetect
[Sun Jun 19 21:22:11 2022 <    0.003984>] input: VirtualBox USB Tablet as /devices/pci0000:00/0000:00:1f.4/usb2/2-1/2-1:1.0/0003:80EE:0021.0001/input/input6
[Sun Jun 19 21:22:11 2022 <    0.000141>] hid-generic 0003:80EE:0021.0001: input,hidraw0: USB HID v1.10 Mouse [VirtualBox USB Tablet] on usb-0000:00:1f.4-1/input0
[Sun Jun 19 21:22:11 2022 <    0.000057>] md: Autodetecting RAID arrays.
[Sun Jun 19 21:22:11 2022 <    0.000001>] md: autorun ...
[Sun Jun 19 21:22:11 2022 <    0.000000>] md: ... autorun DONE.
[Sun Jun 19 21:22:11 2022 <    0.013446>] EXT4-fs (sda3): INFO: recovery required on readonly filesystem
[Sun Jun 19 21:22:11 2022 <    0.000001>] EXT4-fs (sda3): write access will be enabled during recovery
[Sun Jun 19 21:22:11 2022 <    0.282644>] EXT4-fs (sda3): recovery complete
[Sun Jun 19 21:22:11 2022 <    0.003364>] EXT4-fs (sda3): mounted filesystem with ordered data mode. Quota mode: none.
[Sun Jun 19 21:22:11 2022 <    0.000040>] VFS: Mounted root (ext4 filesystem) readonly on device 8:3.
[Sun Jun 19 21:22:11 2022 <    0.013452>] devtmpfs: mounted
[Sun Jun 19 21:22:11 2022 <    0.000378>] Freeing unused kernel image (initmem) memory: 1272K
[Sun Jun 19 21:22:11 2022 <    0.000003>] Write protecting the kernel read-only data: 24576k
[Sun Jun 19 21:22:11 2022 <    0.000802>] Freeing unused kernel image (text/rodata gap) memory: 2032K
[Sun Jun 19 21:22:11 2022 <    0.000322>] Freeing unused kernel image (rodata/data gap) memory: 968K
[Sun Jun 19 21:22:11 2022 <    0.000003>] Run /sbin/init as init process
[Sun Jun 19 21:22:11 2022 <    0.000001>]   with arguments:
[Sun Jun 19 21:22:11 2022 <    0.000000>]     /sbin/init
[Sun Jun 19 21:22:11 2022 <    0.000000>]   with environment:
[Sun Jun 19 21:22:11 2022 <    0.000000>]     HOME=/
[Sun Jun 19 21:22:11 2022 <    0.000001>]     TERM=linux
[Sun Jun 19 21:22:11 2022 <    0.000000>]     BOOT_IMAGE=/vmlinuz-next-gboucett
[Sun Jun 19 21:22:12 2022 <    0.463030>] systemd[1]: RTC configured in localtime, applying delta of 120 minutes to system time.
[Sun Jun 19 21:22:12 2022 <    0.019080>] systemd[1]: systemd 250 running in system mode (-PAM -AUDIT -SELINUX -APPARMOR +IMA +SMACK -SECCOMP -GCRYPT -GNUTLS +OPENSSL +ACL +BLKID -CURL -ELFUTILS -FIDO2 -IDN2 -IDN -IPTC +KMOD -LIBCRYPTSETUP +LIBFDISK -PCRE2 -PWQUALITY -P11KIT -QRENCODE +BZIP2 -LZ4 +XZ +ZLIB +ZSTD -BPF_FRAMEWORK -XKBCOMMON +UTMP +SYSVINIT default-hierarchy=unified)
[Sun Jun 19 21:22:12 2022 <    0.000023>] systemd[1]: Detected virtualization oracle.
[Sun Jun 19 21:22:12 2022 <    0.000002>] systemd[1]: Detected architecture x86-64.
[Sun Jun 19 21:22:12 2022 <    0.024899>] systemd[1]: Hostname set to <gboucett>.
[Sun Jun 19 21:22:12 2022 <    0.050322>] systemd-sysv-ge (140) used greatest stack depth: 13400 bytes left
[Sun Jun 19 21:22:12 2022 <    0.286625>] systemd[1]: Queued start job for default target Graphical Interface.
[Sun Jun 19 21:22:12 2022 <    0.000391>] systemd[1]: Created slice Slice /system/getty.
[Sun Jun 19 21:22:12 2022 <    0.000345>] systemd[1]: Created slice Slice /system/modprobe.
[Sun Jun 19 21:22:12 2022 <    0.000303>] systemd[1]: Created slice Slice /system/systemd-fsck.
[Sun Jun 19 21:22:12 2022 <    0.000408>] systemd[1]: Created slice User and Session Slice.
[Sun Jun 19 21:22:12 2022 <    0.000239>] systemd[1]: Started Dispatch Password Requests to Console Directory Watch.
[Sun Jun 19 21:22:12 2022 <    0.000267>] systemd[1]: Started Forward Password Requests to Wall Directory Watch.
[Sun Jun 19 21:22:12 2022 <    0.000324>] systemd[1]: Set up automount Arbitrary Executable File Formats File System Automount Point.
[Sun Jun 19 21:22:12 2022 <    0.000280>] systemd[1]: Reached target Path Units.
[Sun Jun 19 21:22:12 2022 <    0.000192>] systemd[1]: Reached target Remote File Systems.
[Sun Jun 19 21:22:12 2022 <    0.000200>] systemd[1]: Reached target Slice Units.
[Sun Jun 19 21:22:12 2022 <    0.011467>] systemd[1]: Listening on Process Core Dump Socket.
[Sun Jun 19 21:22:12 2022 <    0.000365>] systemd[1]: Listening on initctl Compatibility Named Pipe.
[Sun Jun 19 21:22:12 2022 <    0.000624>] systemd[1]: Listening on Journal Audit Socket.
[Sun Jun 19 21:22:12 2022 <    0.000599>] systemd[1]: Listening on Journal Socket (/dev/log).
[Sun Jun 19 21:22:12 2022 <    0.000892>] systemd[1]: Listening on Journal Socket.
[Sun Jun 19 21:22:12 2022 <    0.000340>] systemd[1]: Listening on Network Service Netlink Socket.
[Sun Jun 19 21:22:12 2022 <    0.000332>] systemd[1]: Listening on Userspace Out-Of-Memory (OOM) Killer Socket.
[Sun Jun 19 21:22:12 2022 <    0.024494>] systemd[1]: Listening on udev Control Socket.
[Sun Jun 19 21:22:12 2022 <    0.000499>] systemd[1]: Listening on udev Kernel Socket.
[Sun Jun 19 21:22:12 2022 <    0.000649>] systemd[1]: Mounting Huge Pages File System...
[Sun Jun 19 21:22:12 2022 <    0.000554>] systemd[1]: Mounting POSIX Message Queue File System...
[Sun Jun 19 21:22:12 2022 <    0.000919>] systemd[1]: Mounting Kernel Debug File System...
[Sun Jun 19 21:22:12 2022 <    0.000746>] systemd[1]: Mounting Kernel Trace File System...
[Sun Jun 19 21:22:12 2022 <    0.036838>] systemd[1]: Create List of Static Device Nodes was skipped because of a failed condition check (ConditionFileNotEmpty=/lib/modules/5.19.0-rc2-next-20220617-gboucett/modules.devname).
[Sun Jun 19 21:22:12 2022 <    0.001116>] systemd[1]: Starting Load Kernel Module configfs...
[Sun Jun 19 21:22:12 2022 <    0.001406>] systemd[1]: Starting Load Kernel Module drm...
[Sun Jun 19 21:22:12 2022 <    0.001989>] systemd[1]: Starting Load Kernel Module fuse...
[Sun Jun 19 21:22:12 2022 <    0.001227>] systemd[1]: Starting File System Check on Root Device...
[Sun Jun 19 21:22:12 2022 <    0.000801>] systemd[1]: systemd-journald.service: unit configures an IP firewall, but the local system does not support BPF/cgroup firewalling.
[Sun Jun 19 21:22:12 2022 <    0.000002>] systemd[1]: (This warning is only shown for the first unit using IP firewalling.)
[Sun Jun 19 21:22:12 2022 <    0.000267>] systemd[1]: Starting Journal Service...
[Sun Jun 19 21:22:12 2022 <    0.007598>] systemd[1]: Load Kernel Modules was skipped because all trigger condition checks failed.
[Sun Jun 19 21:22:12 2022 <    0.001136>] systemd[1]: Starting Generate network units from Kernel command line...
[Sun Jun 19 21:22:12 2022 <    0.000148>] mount (143) used greatest stack depth: 13336 bytes left
[Sun Jun 19 21:22:12 2022 <    0.002448>] systemd[1]: Repartition Root Disk was skipped because all trigger condition checks failed.
[Sun Jun 19 21:22:12 2022 <    0.000468>] systemd[1]: Starting Apply Kernel Variables...
[Sun Jun 19 21:22:12 2022 <    0.001924>] systemd[1]: Starting Create Static Device Nodes in /dev...
[Sun Jun 19 21:22:12 2022 <    0.002391>] systemd[1]: Starting Coldplug All udev Devices...
[Sun Jun 19 21:22:12 2022 <    0.001183>] systemd[1]: Mounted Huge Pages File System.
[Sun Jun 19 21:22:12 2022 <    0.000276>] systemd[1]: Mounted POSIX Message Queue File System.
[Sun Jun 19 21:22:12 2022 <    0.000238>] systemd[1]: Mounted Kernel Debug File System.
[Sun Jun 19 21:22:12 2022 <    0.000327>] systemd[1]: Mounted Kernel Trace File System.
[Sun Jun 19 21:22:12 2022 <    0.007483>] systemd[1]: Finished Generate network units from Kernel command line.
[Sun Jun 19 21:22:12 2022 <    0.000306>] systemd[1]: Reached target Preparation for Network.
[Sun Jun 19 21:22:12 2022 <    0.190745>] systemd[1]: Started Journal Service.
[Sun Jun 19 21:22:12 2022 <    0.074045>] modprobe (148) used greatest stack depth: 13056 bytes left
[Sun Jun 19 21:22:13 2022 <    0.073224>] systemd-fsck (149) used greatest stack depth: 12936 bytes left
[Sun Jun 19 21:22:13 2022 <    0.004625>] EXT4-fs (sda3): re-mounted. Quota mode: none.
[Sun Jun 19 21:22:13 2022 <    0.045355>] systemd-journald[150]: Received client request to flush runtime journal.
[Sun Jun 19 21:22:13 2022 <    0.027495>] systemd-journald[150]: File /var/log/journal/05a678fba7dc49f5aa9637e3260d56aa/system.journal corrupted or uncleanly shut down, renaming and replacing.
[Sun Jun 19 21:22:13 2022 <    0.638267>] e1000: eth0 NIC Link is Up 1000 Mbps Full Duplex, Flow Control: RX
[Sun Jun 19 21:22:13 2022 <    0.000275>] IPv6: ADDRCONF(NETDEV_CHANGE): eth0: link becomes ready
[Sun Jun 19 21:22:13 2022 <    0.269746>] Adding 2097148k swap on /dev/sda1.  Priority:1 extents:1 across:2097148k 
[Sun Jun 19 21:22:14 2022 <    0.454814>] EXT4-fs (sda2): mounting ext3 file system using the ext4 subsystem
[Sun Jun 19 21:22:14 2022 <    0.006252>] EXT4-fs (sda2): mounted filesystem with ordered data mode. Quota mode: none.
[Sun Jun 19 21:22:14 2022 <    0.000005>] ext3 filesystem being mounted at /boot supports timestamps until 2038 (0x7fffffff)
